config file open success
socket per port_info success
event_len:: 1
cur->ident:: 4
cur->flags:: 5
event_read
6
event_len:: 1
cur->ident:: 6
cur->flags:: 5
event_read
read_event_handler
read_to_client: : 175

______request_syntax_start_line______
GET /upload/ HTTP/1.1
controller-req_line ok
accept-encoding: gzip, deflate, br
Accept: */*
User-Agent: Thunder Client (https://www.thunderclient.com)
Host: localhost:8080
Connection: close
controller-header ok

-----resolved uri info-----
is_cgi: : 0
is_same_location: : 0
cgi_location_t: NULL
request_uri: : /upload/
resolved_request_uri: : /upload/
script_name: : /upload/
script_filename: : ./upload/
path_info: : 
path_translated: : 
query_string: : 
----------------------------
uri_loc: 0x611000017b38
req_uri set ok
REQ_GET
folder skip
page_path = : ./error/error.html
error_req_fd : : 7
RES_OK
READ event added
req_res_controller check finished.
enable write
event_len:: 2
cur->ident:: 7
cur->flags:: 5
event_read
read_event_handler
read_event_handler - read_to_res_buffer
read_to_res_buffer
cur->ident:: 6
cur->flags:: 9
event_write
write_bufsize: : 0
try disable - write
event_len:: 1
event_len:: 1
event_len:: 2
event_len:: 1
cur->ident:: 4
cur->flags:: 5
event_read
6
event_len:: 1
cur->ident:: 6
cur->flags:: 5
event_read
read_event_handler
read_to_client: : 184

______request_syntax_start_line______
GET /upload/in_upload HTTP/1.1
controller-req_line ok
accept-encoding: gzip, deflate, br
Accept: */*
User-Agent: Thunder Client (https://www.thunderclient.com)
Host: localhost:8080
Connection: close
controller-header ok

-----resolved uri info-----
is_cgi: : 0
is_same_location: : 0
cgi_location_t: NULL
request_uri: : /upload/in_upload
resolved_request_uri: : /upload/in_upload
script_name: : /upload/in_upload
script_filename: : ./upload/in_upload
path_info: : 
path_translated: : 
query_string: : 
----------------------------
uri_loc: 0x611000017b38
req_uri set ok
REQ_GET
./upload/in_upload
page_path = : ./error/error.html
error_req_fd : : 7
RES_OK
READ event added
req_res_controller check finished.
enable write
event_len:: 2
cur->ident:: 7
cur->flags:: 5
event_read
read_event_handler
read_event_handler - read_to_res_buffer
read_to_res_buffer
cur->ident:: 6
cur->flags:: 9
event_write
write_bufsize: : 0
try disable - write
event_len:: 1
event_len:: 1
event_len:: 2
event_len:: 1
cur->ident:: 4
cur->flags:: 5
event_read
6
event_len:: 1
cur->ident:: 6
cur->flags:: 5
event_read
read_event_handler
read_to_client: : 185

______request_syntax_start_line______
GET /upload/in_upload/ HTTP/1.1
controller-req_line ok
accept-encoding: gzip, deflate, br
Accept: */*
User-Agent: Thunder Client (https://www.thunderclient.com)
Host: localhost:8080
Connection: close
controller-header ok

-----resolved uri info-----
is_cgi: : 0
is_same_location: : 0
cgi_location_t: NULL
request_uri: : /upload/in_upload/
resolved_request_uri: : /upload/in_upload/
script_name: : /upload/in_upload/
script_filename: : ./upload/in_upload/
path_info: : 
path_translated: : 
query_string: : 
----------------------------
uri_loc: 0x611000017b38
req_uri set ok
REQ_GET
folder skip
page_path = : ./error/error.html
error_req_fd : : 7
RES_OK
READ event added
req_res_controller check finished.
enable write
event_len:: 2
cur->ident:: 7
cur->flags:: 5
event_read
read_event_handler
read_event_handler - read_to_res_buffer
read_to_res_buffer
cur->ident:: 6
cur->flags:: 9
event_write
write_bufsize: : 0
try disable - write
event_len:: 1
event_len:: 1
event_len:: 2
